<?xml version="1.0" encoding="utf-8"?>
<coverage line-rate="0.865" branch-rate="0.8" version="1.9" timestamp="1734447230" lines-covered="109" lines-valid="126" branches-covered="16" branches-valid="20">
  <sources>
    <source>C:\Users\alisa\source\repos\pis1\pis1\</source>
  </sources>
  <packages>
    <package name="pis1" line-rate="0.865" branch-rate="0.8" complexity="37">
      <classes>
        <class name="pis1.Income" filename="Income.cs" line-rate="1" branch-rate="1" complexity="9">
          <methods>
            <method name="get_Date" signature="()" line-rate="1" branch-rate="1" complexity="1">
              <lines>
                <line number="13" hits="13" branch="False" />
              </lines>
            </method>
            <method name="get_Source" signature="()" line-rate="1" branch-rate="1" complexity="1">
              <lines>
                <line number="14" hits="13" branch="False" />
              </lines>
            </method>
            <method name="get_Amount" signature="()" line-rate="1" branch-rate="1" complexity="1">
              <lines>
                <line number="15" hits="21" branch="False" />
              </lines>
            </method>
            <method name="TryParse" signature="(System.String,pis1.Income&amp;)" line-rate="1" branch-rate="1" complexity="2">
              <lines>
                <line number="26" hits="8" branch="False" />
                <line number="27" hits="8" branch="False" />
                <line number="28" hits="8" branch="False" />
                <line number="29" hits="8" branch="False" />
                <line number="31" hits="8" branch="True" condition-coverage="100% (2/2)">
                  <conditions>
                    <condition number="26" type="jump" coverage="100%" />
                  </conditions>
                </line>
                <line number="32" hits="2" branch="False" />
                <line number="33" hits="2" branch="False" />
                <line number="34" hits="2" branch="False" />
                <line number="35" hits="2" branch="False" />
                <line number="37" hits="6" branch="False" />
                <line number="38" hits="8" branch="False" />
              </lines>
            </method>
            <method name="GetBasicDetails" signature="(System.Text.RegularExpressions.Match)" line-rate="1" branch-rate="1" complexity="1">
              <lines>
                <line number="41" hits="6" branch="False" />
                <line number="42" hits="6" branch="False" />
                <line number="43" hits="6" branch="False" />
                <line number="44" hits="6" branch="False" />
                <line number="45" hits="6" branch="False" />
                <line number="46" hits="6" branch="False" />
              </lines>
            </method>
            <method name="ToString" signature="()" line-rate="1" branch-rate="1" complexity="1">
              <lines>
                <line number="49" hits="3" branch="False" />
                <line number="50" hits="3" branch="False" />
                <line number="51" hits="3" branch="False" />
              </lines>
            </method>
            <method name=".ctor" signature="()" line-rate="1" branch-rate="1" complexity="1">
              <lines>
                <line number="16" hits="78" branch="False" />
              </lines>
            </method>
            <method name=".ctor" signature="(System.DateTime,System.String,System.Int32)" line-rate="1" branch-rate="1" complexity="1">
              <lines>
                <line number="18" hits="6" branch="False" />
                <line number="19" hits="6" branch="False" />
                <line number="20" hits="6" branch="False" />
                <line number="21" hits="6" branch="False" />
                <line number="22" hits="6" branch="False" />
                <line number="23" hits="6" branch="False" />
              </lines>
            </method>
          </methods>
          <lines>
            <line number="13" hits="13" branch="False" />
            <line number="14" hits="13" branch="False" />
            <line number="15" hits="21" branch="False" />
            <line number="26" hits="8" branch="False" />
            <line number="27" hits="8" branch="False" />
            <line number="28" hits="8" branch="False" />
            <line number="29" hits="8" branch="False" />
            <line number="31" hits="8" branch="True" condition-coverage="100% (2/2)">
              <conditions>
                <condition number="26" type="jump" coverage="100%" />
              </conditions>
            </line>
            <line number="32" hits="2" branch="False" />
            <line number="33" hits="2" branch="False" />
            <line number="34" hits="2" branch="False" />
            <line number="35" hits="2" branch="False" />
            <line number="37" hits="6" branch="False" />
            <line number="38" hits="8" branch="False" />
            <line number="41" hits="6" branch="False" />
            <line number="42" hits="6" branch="False" />
            <line number="43" hits="6" branch="False" />
            <line number="44" hits="6" branch="False" />
            <line number="45" hits="6" branch="False" />
            <line number="46" hits="6" branch="False" />
            <line number="49" hits="3" branch="False" />
            <line number="50" hits="3" branch="False" />
            <line number="51" hits="3" branch="False" />
            <line number="16" hits="78" branch="False" />
            <line number="18" hits="6" branch="False" />
            <line number="19" hits="6" branch="False" />
            <line number="20" hits="6" branch="False" />
            <line number="21" hits="6" branch="False" />
            <line number="22" hits="6" branch="False" />
            <line number="23" hits="6" branch="False" />
          </lines>
        </class>
        <class name="pis1.IncomeFactory" filename="IncomeFactory.cs" line-rate="1" branch-rate="1" complexity="10">
          <methods>
            <method name="ProcessEntries" signature="(System.String)" line-rate="1" branch-rate="1" complexity="4">
              <lines>
                <line number="12" hits="2" branch="False" />
                <line number="13" hits="2" branch="False" />
                <line number="14" hits="2" branch="False" />
                <line number="15" hits="2" branch="False" />
                <line number="17" hits="18" branch="True" condition-coverage="100% (2/2)">
                  <conditions>
                    <condition number="138" type="jump" coverage="100%" />
                  </conditions>
                </line>
                <line number="18" hits="6" branch="False" />
                <line number="19" hits="6" branch="False" />
                <line number="21" hits="6" branch="True" condition-coverage="100% (2/2)">
                  <conditions>
                    <condition number="66" type="jump" coverage="100%" />
                  </conditions>
                </line>
                <line number="22" hits="1" branch="False" />
                <line number="23" hits="1" branch="False" />
                <line number="24" hits="1" branch="False" />
                <line number="27" hits="5" branch="False" />
                <line number="28" hits="5" branch="False" />
                <line number="29" hits="3" branch="False" />
                <line number="30" hits="3" branch="False" />
                <line number="31" hits="2" branch="False" />
                <line number="32" hits="2" branch="False" />
                <line number="33" hits="2" branch="False" />
                <line number="34" hits="2" branch="False" />
                <line number="35" hits="5" branch="False" />
                <line number="37" hits="2" branch="False" />
                <line number="38" hits="2" branch="False" />
              </lines>
            </method>
            <method name="ChooseIncomeType" signature="(System.String)" line-rate="1" branch-rate="1" complexity="6">
              <lines>
                <line number="42" hits="8" branch="False" />
                <line number="45" hits="8" branch="True" condition-coverage="100% (2/2)">
                  <conditions>
                    <condition number="16" type="jump" coverage="100%" />
                  </conditions>
                </line>
                <line number="46" hits="2" branch="False" />
                <line number="48" hits="6" branch="True" condition-coverage="100% (2/2)">
                  <conditions>
                    <condition number="37" type="jump" coverage="100%" />
                  </conditions>
                </line>
                <line number="49" hits="2" branch="False" />
                <line number="51" hits="4" branch="True" condition-coverage="100% (2/2)">
                  <conditions>
                    <condition number="60" type="jump" coverage="100%" />
                  </conditions>
                </line>
                <line number="52" hits="1" branch="False" />
                <line number="54" hits="3" branch="False" />
                <line number="55" hits="5" branch="False" />
              </lines>
            </method>
          </methods>
          <lines>
            <line number="12" hits="2" branch="False" />
            <line number="13" hits="2" branch="False" />
            <line number="14" hits="2" branch="False" />
            <line number="15" hits="2" branch="False" />
            <line number="17" hits="18" branch="True" condition-coverage="100% (2/2)">
              <conditions>
                <condition number="138" type="jump" coverage="100%" />
              </conditions>
            </line>
            <line number="18" hits="6" branch="False" />
            <line number="19" hits="6" branch="False" />
            <line number="21" hits="6" branch="True" condition-coverage="100% (2/2)">
              <conditions>
                <condition number="66" type="jump" coverage="100%" />
              </conditions>
            </line>
            <line number="22" hits="1" branch="False" />
            <line number="23" hits="1" branch="False" />
            <line number="24" hits="1" branch="False" />
            <line number="27" hits="5" branch="False" />
            <line number="28" hits="5" branch="False" />
            <line number="29" hits="3" branch="False" />
            <line number="30" hits="3" branch="False" />
            <line number="31" hits="2" branch="False" />
            <line number="32" hits="2" branch="False" />
            <line number="33" hits="2" branch="False" />
            <line number="34" hits="2" branch="False" />
            <line number="35" hits="5" branch="False" />
            <line number="37" hits="2" branch="False" />
            <line number="38" hits="2" branch="False" />
            <line number="42" hits="8" branch="False" />
            <line number="45" hits="8" branch="True" condition-coverage="100% (2/2)">
              <conditions>
                <condition number="16" type="jump" coverage="100%" />
              </conditions>
            </line>
            <line number="46" hits="2" branch="False" />
            <line number="48" hits="6" branch="True" condition-coverage="100% (2/2)">
              <conditions>
                <condition number="37" type="jump" coverage="100%" />
              </conditions>
            </line>
            <line number="49" hits="2" branch="False" />
            <line number="51" hits="4" branch="True" condition-coverage="100% (2/2)">
              <conditions>
                <condition number="60" type="jump" coverage="100%" />
              </conditions>
            </line>
            <line number="52" hits="1" branch="False" />
            <line number="54" hits="3" branch="False" />
            <line number="55" hits="5" branch="False" />
          </lines>
        </class>
        <class name="pis1.OrganizationIncome" filename="OrganizationIncome.cs" line-rate="1" branch-rate="1" complexity="7">
          <methods>
            <method name="get_OrganizationName" signature="()" line-rate="1" branch-rate="1" complexity="1">
              <lines>
                <line number="12" hits="5" branch="False" />
              </lines>
            </method>
            <method name="get_OperationType" signature="()" line-rate="1" branch-rate="1" complexity="1">
              <lines>
                <line number="13" hits="4" branch="False" />
              </lines>
            </method>
            <method name="TryParse" signature="(System.String,pis1.Income&amp;)" line-rate="1" branch-rate="1" complexity="2">
              <lines>
                <line number="24" hits="8" branch="False" />
                <line number="25" hits="8" branch="False" />
                <line number="26" hits="8" branch="False" />
                <line number="27" hits="8" branch="False" />
                <line number="29" hits="8" branch="True" condition-coverage="100% (2/2)">
                  <conditions>
                    <condition number="26" type="jump" coverage="100%" />
                  </conditions>
                </line>
                <line number="30" hits="2" branch="False" />
                <line number="31" hits="2" branch="False" />
                <line number="32" hits="2" branch="False" />
                <line number="33" hits="2" branch="False" />
                <line number="35" hits="2" branch="False" />
                <line number="36" hits="2" branch="False" />
                <line number="38" hits="6" branch="False" />
                <line number="39" hits="8" branch="False" />
              </lines>
            </method>
            <method name="ToString" signature="()" line-rate="1" branch-rate="1" complexity="1">
              <lines>
                <line number="43" hits="1" branch="False" />
                <line number="44" hits="1" branch="False" />
                <line number="45" hits="1" branch="False" />
              </lines>
            </method>
            <method name=".ctor" signature="()" line-rate="1" branch-rate="1" complexity="1">
              <lines>
                <line number="14" hits="27" branch="False" />
              </lines>
            </method>
            <method name=".ctor" signature="(System.DateTime,System.String,System.Int32,System.String,System.String)" line-rate="1" branch-rate="1" complexity="1">
              <lines>
                <line number="17" hits="2" branch="False" />
                <line number="18" hits="2" branch="False" />
                <line number="19" hits="2" branch="False" />
                <line number="20" hits="2" branch="False" />
                <line number="21" hits="2" branch="False" />
              </lines>
            </method>
          </methods>
          <lines>
            <line number="12" hits="5" branch="False" />
            <line number="13" hits="4" branch="False" />
            <line number="24" hits="8" branch="False" />
            <line number="25" hits="8" branch="False" />
            <line number="26" hits="8" branch="False" />
            <line number="27" hits="8" branch="False" />
            <line number="29" hits="8" branch="True" condition-coverage="100% (2/2)">
              <conditions>
                <condition number="26" type="jump" coverage="100%" />
              </conditions>
            </line>
            <line number="30" hits="2" branch="False" />
            <line number="31" hits="2" branch="False" />
            <line number="32" hits="2" branch="False" />
            <line number="33" hits="2" branch="False" />
            <line number="35" hits="2" branch="False" />
            <line number="36" hits="2" branch="False" />
            <line number="38" hits="6" branch="False" />
            <line number="39" hits="8" branch="False" />
            <line number="43" hits="1" branch="False" />
            <line number="44" hits="1" branch="False" />
            <line number="45" hits="1" branch="False" />
            <line number="14" hits="27" branch="False" />
            <line number="17" hits="2" branch="False" />
            <line number="18" hits="2" branch="False" />
            <line number="19" hits="2" branch="False" />
            <line number="20" hits="2" branch="False" />
            <line number="21" hits="2" branch="False" />
          </lines>
        </class>
        <class name="pis1.Program" filename="Program.cs" line-rate="0" branch-rate="0" complexity="4">
          <methods>
            <method name="Main" signature="(System.String[])" line-rate="0" branch-rate="0" complexity="4">
              <lines>
                <line number="14" hits="0" branch="False" />
                <line number="15" hits="0" branch="False" />
                <line number="16" hits="0" branch="False" />
                <line number="17" hits="0" branch="False" />
                <line number="18" hits="0" branch="False" />
                <line number="19" hits="0" branch="False" />
                <line number="21" hits="0" branch="False" />
                <line number="23" hits="0" branch="True" condition-coverage="0% (0/2)">
                  <conditions>
                    <condition number="62" type="jump" coverage="0%" />
                  </conditions>
                </line>
                <line number="24" hits="0" branch="False" />
                <line number="25" hits="0" branch="False" />
                <line number="26" hits="0" branch="False" />
                <line number="28" hits="0" branch="True" condition-coverage="0% (0/2)">
                  <conditions>
                    <condition number="118" type="jump" coverage="0%" />
                  </conditions>
                </line>
                <line number="29" hits="0" branch="False" />
                <line number="30" hits="0" branch="False" />
                <line number="31" hits="0" branch="False" />
                <line number="33" hits="0" branch="False" />
                <line number="34" hits="0" branch="False" />
              </lines>
            </method>
          </methods>
          <lines>
            <line number="14" hits="0" branch="False" />
            <line number="15" hits="0" branch="False" />
            <line number="16" hits="0" branch="False" />
            <line number="17" hits="0" branch="False" />
            <line number="18" hits="0" branch="False" />
            <line number="19" hits="0" branch="False" />
            <line number="21" hits="0" branch="False" />
            <line number="23" hits="0" branch="True" condition-coverage="0% (0/2)">
              <conditions>
                <condition number="62" type="jump" coverage="0%" />
              </conditions>
            </line>
            <line number="24" hits="0" branch="False" />
            <line number="25" hits="0" branch="False" />
            <line number="26" hits="0" branch="False" />
            <line number="28" hits="0" branch="True" condition-coverage="0% (0/2)">
              <conditions>
                <condition number="118" type="jump" coverage="0%" />
              </conditions>
            </line>
            <line number="29" hits="0" branch="False" />
            <line number="30" hits="0" branch="False" />
            <line number="31" hits="0" branch="False" />
            <line number="33" hits="0" branch="False" />
            <line number="34" hits="0" branch="False" />
          </lines>
        </class>
        <class name="pis1.TaxedIncome" filename="TaxedIncome.cs" line-rate="1" branch-rate="1" complexity="7">
          <methods>
            <method name="get_TaxRate" signature="()" line-rate="1" branch-rate="1" complexity="1">
              <lines>
                <line number="13" hits="8" branch="False" />
              </lines>
            </method>
            <method name="TryParse" signature="(System.String,pis1.Income&amp;)" line-rate="1" branch-rate="1" complexity="2">
              <lines>
                <line number="23" hits="6" branch="False" />
                <line number="24" hits="6" branch="False" />
                <line number="25" hits="6" branch="False" />
                <line number="26" hits="6" branch="False" />
                <line number="28" hits="6" branch="True" condition-coverage="100% (2/2)">
                  <conditions>
                    <condition number="26" type="jump" coverage="100%" />
                  </conditions>
                </line>
                <line number="29" hits="2" branch="False" />
                <line number="30" hits="2" branch="False" />
                <line number="31" hits="2" branch="False" />
                <line number="33" hits="2" branch="False" />
                <line number="34" hits="2" branch="False" />
                <line number="36" hits="4" branch="False" />
                <line number="37" hits="6" branch="False" />
              </lines>
            </method>
            <method name="GetNetIncome" signature="()" line-rate="1" branch-rate="1" complexity="1">
              <lines>
                <line number="41" hits="2" branch="False" />
                <line number="42" hits="2" branch="False" />
                <line number="43" hits="2" branch="False" />
              </lines>
            </method>
            <method name="ToString" signature="()" line-rate="1" branch-rate="1" complexity="1">
              <lines>
                <line number="46" hits="1" branch="False" />
                <line number="47" hits="1" branch="False" />
                <line number="48" hits="1" branch="False" />
              </lines>
            </method>
            <method name=".ctor" signature="()" line-rate="1" branch-rate="1" complexity="1">
              <lines>
                <line number="14" hits="24" branch="False" />
              </lines>
            </method>
            <method name=".ctor" signature="(System.DateTime,System.String,System.Int32,System.Double)" line-rate="1" branch-rate="1" complexity="1">
              <lines>
                <line number="17" hits="2" branch="False" />
                <line number="18" hits="2" branch="False" />
                <line number="19" hits="2" branch="False" />
                <line number="20" hits="2" branch="False" />
              </lines>
            </method>
          </methods>
          <lines>
            <line number="13" hits="8" branch="False" />
            <line number="23" hits="6" branch="False" />
            <line number="24" hits="6" branch="False" />
            <line number="25" hits="6" branch="False" />
            <line number="26" hits="6" branch="False" />
            <line number="28" hits="6" branch="True" condition-coverage="100% (2/2)">
              <conditions>
                <condition number="26" type="jump" coverage="100%" />
              </conditions>
            </line>
            <line number="29" hits="2" branch="False" />
            <line number="30" hits="2" branch="False" />
            <line number="31" hits="2" branch="False" />
            <line number="33" hits="2" branch="False" />
            <line number="34" hits="2" branch="False" />
            <line number="36" hits="4" branch="False" />
            <line number="37" hits="6" branch="False" />
            <line number="41" hits="2" branch="False" />
            <line number="42" hits="2" branch="False" />
            <line number="43" hits="2" branch="False" />
            <line number="46" hits="1" branch="False" />
            <line number="47" hits="1" branch="False" />
            <line number="48" hits="1" branch="False" />
            <line number="14" hits="24" branch="False" />
            <line number="17" hits="2" branch="False" />
            <line number="18" hits="2" branch="False" />
            <line number="19" hits="2" branch="False" />
            <line number="20" hits="2" branch="False" />
          </lines>
        </class>
      </classes>
    </package>
  </packages>
</coverage>